<?xml version="1.0" encoding="UTF-8"?>
<!-- Generated by org.testng.reporters.JUnitXMLReporter -->
<testsuite ignored="0" hostname="DTPLLPT70" failures="0" tests="6" name="Default test" time="33.845" errors="0" timestamp="2023-05-22T16:09:34 IST">
  <testcase classname="TestCases.LoginPageTesting" name="PrintUser" time="0.012"/>
  <testcase classname="TestCases.LoginPageTesting" name="loginToAppTest" time="10.833"/>
  <testcase classname="TestCases.LoginPageTesting" name="readExcelFile1" time="1.318"/>
  <testcase classname="TestCases.LoginPageTesting" name="verifyFacebookLogoTest" time="0.068"/>
  <testcase classname="TestCases.LoginPageTesting" name="verifyTagLine" time="0.046"/>
  <testcase classname="TestCases.LoginPageTesting" name="verifyTitleTest" time="0.019"/>
</testsuite> <!-- Default test -->
