<?xml version="1.0" encoding="UTF-8"?>
<!-- Generated by org.testng.reporters.JUnitXMLReporter -->
<testsuite ignored="0" hostname="DTPLLPT70" failures="0" tests="6" name="Default test" time="31.039" errors="0" timestamp="2023-05-22T10:36:29 IST">
  <testcase classname="TestCases.LoginPageTesting" name="PrintUser" time="0.012"/>
  <testcase classname="TestCases.LoginPageTesting" name="loginToAppTest" time="8.199"/>
  <testcase classname="TestCases.LoginPageTesting" name="readExcelFile1" time="1.39"/>
  <testcase classname="TestCases.LoginPageTesting" name="verifyFacebookLogoTest" time="0.072"/>
  <testcase classname="TestCases.LoginPageTesting" name="verifyTagLine" time="0.055"/>
  <testcase classname="TestCases.LoginPageTesting" name="verifyTitleTest" time="0.015"/>
</testsuite> <!-- Default test -->
