<?xml version="1.0" encoding="UTF-8"?>
<testng-results ignored="0" total="1" passed="1" failed="0" skipped="0">
  <reporter-output>
  </reporter-output>
  <suite started-at="2023-05-26T15:23:12 IST" name="Suite" finished-at="2023-05-26T15:23:17 IST" duration-ms="5110">
    <groups>
    </groups>
    <test started-at="2023-05-26T15:23:12 IST" name="Test" finished-at="2023-05-26T15:23:17 IST" duration-ms="5110">
      <class name="TestCases.LoginPageTesting">
        <test-method signature="PrintUser()[pri:0, instance:TestCases.LoginPageTesting@7a419da4]" started-at="2023-05-26T15:23:12 IST" name="PrintUser" finished-at="2023-05-26T15:23:17 IST" duration-ms="5012" status="PASS">
          <reporter-output>
          </reporter-output>
        </test-method> <!-- PrintUser -->
      </class> <!-- TestCases.LoginPageTesting -->
    </test> <!-- Test -->
  </suite> <!-- Suite -->
</testng-results>
