<?xml version="1.0" encoding="UTF-8"?>
<testng-results ignored="0" total="6" passed="6" failed="0" skipped="0">
  <reporter-output>
  </reporter-output>
  <suite started-at="2023-05-22T16:09:00 IST" name="Default suite" finished-at="2023-05-22T16:09:34 IST" duration-ms="33845">
    <groups>
    </groups>
    <test started-at="2023-05-22T16:09:00 IST" name="Default test" finished-at="2023-05-22T16:09:34 IST" duration-ms="33845">
      <class name="TestCases.LoginPageTesting">
        <test-method is-config="true" signature="setup()[pri:0, instance:TestCases.LoginPageTesting@7526515b]" started-at="2023-05-22T16:09:00 IST" name="setup" finished-at="2023-05-22T16:09:06 IST" duration-ms="5592" status="PASS">
          <reporter-output>
          </reporter-output>
        </test-method> <!-- setup -->
        <test-method signature="PrintUser()[pri:0, instance:TestCases.LoginPageTesting@7526515b]" started-at="2023-05-22T16:09:06 IST" name="PrintUser" finished-at="2023-05-22T16:09:06 IST" duration-ms="12" status="PASS">
          <reporter-output>
          </reporter-output>
        </test-method> <!-- PrintUser -->
        <test-method is-config="true" signature="exit()[pri:0, instance:TestCases.LoginPageTesting@7526515b]" started-at="2023-05-22T16:09:06 IST" name="exit" finished-at="2023-05-22T16:09:06 IST" duration-ms="390" status="PASS">
          <reporter-output>
          </reporter-output>
        </test-method> <!-- exit -->
        <test-method is-config="true" signature="setup()[pri:0, instance:TestCases.LoginPageTesting@7526515b]" started-at="2023-05-22T16:09:06 IST" name="setup" finished-at="2023-05-22T16:09:09 IST" duration-ms="2768" status="PASS">
          <reporter-output>
          </reporter-output>
        </test-method> <!-- setup -->
        <test-method signature="loginToAppTest()[pri:0, instance:TestCases.LoginPageTesting@7526515b]" started-at="2023-05-22T16:09:09 IST" name="loginToAppTest" finished-at="2023-05-22T16:09:20 IST" duration-ms="10833" status="PASS">
          <reporter-output>
          </reporter-output>
        </test-method> <!-- loginToAppTest -->
        <test-method is-config="true" signature="exit()[pri:0, instance:TestCases.LoginPageTesting@7526515b]" started-at="2023-05-22T16:09:20 IST" name="exit" finished-at="2023-05-22T16:09:20 IST" duration-ms="365" status="PASS">
          <reporter-output>
          </reporter-output>
        </test-method> <!-- exit -->
        <test-method is-config="true" signature="setup()[pri:0, instance:TestCases.LoginPageTesting@7526515b]" started-at="2023-05-22T16:09:20 IST" name="setup" finished-at="2023-05-22T16:09:23 IST" duration-ms="2778" status="PASS">
          <reporter-output>
          </reporter-output>
        </test-method> <!-- setup -->
        <test-method signature="readExcelFile1()[pri:0, instance:TestCases.LoginPageTesting@7526515b]" started-at="2023-05-22T16:09:23 IST" name="readExcelFile1" finished-at="2023-05-22T16:09:24 IST" duration-ms="1318" status="PASS">
          <reporter-output>
          </reporter-output>
        </test-method> <!-- readExcelFile1 -->
        <test-method is-config="true" signature="exit()[pri:0, instance:TestCases.LoginPageTesting@7526515b]" started-at="2023-05-22T16:09:24 IST" name="exit" finished-at="2023-05-22T16:09:24 IST" duration-ms="308" status="PASS">
          <reporter-output>
          </reporter-output>
        </test-method> <!-- exit -->
        <test-method is-config="true" signature="setup()[pri:0, instance:TestCases.LoginPageTesting@7526515b]" started-at="2023-05-22T16:09:24 IST" name="setup" finished-at="2023-05-22T16:09:27 IST" duration-ms="2806" status="PASS">
          <reporter-output>
          </reporter-output>
        </test-method> <!-- setup -->
        <test-method signature="verifyFacebookLogoTest()[pri:0, instance:TestCases.LoginPageTesting@7526515b]" started-at="2023-05-22T16:09:27 IST" name="verifyFacebookLogoTest" finished-at="2023-05-22T16:09:27 IST" duration-ms="68" status="PASS">
          <reporter-output>
          </reporter-output>
        </test-method> <!-- verifyFacebookLogoTest -->
        <test-method is-config="true" signature="exit()[pri:0, instance:TestCases.LoginPageTesting@7526515b]" started-at="2023-05-22T16:09:27 IST" name="exit" finished-at="2023-05-22T16:09:27 IST" duration-ms="295" status="PASS">
          <reporter-output>
          </reporter-output>
        </test-method> <!-- exit -->
        <test-method is-config="true" signature="setup()[pri:0, instance:TestCases.LoginPageTesting@7526515b]" started-at="2023-05-22T16:09:27 IST" name="setup" finished-at="2023-05-22T16:09:30 IST" duration-ms="2846" status="PASS">
          <reporter-output>
          </reporter-output>
        </test-method> <!-- setup -->
        <test-method signature="verifyTagLine()[pri:0, instance:TestCases.LoginPageTesting@7526515b]" started-at="2023-05-22T16:09:30 IST" name="verifyTagLine" finished-at="2023-05-22T16:09:30 IST" duration-ms="46" status="PASS">
          <reporter-output>
          </reporter-output>
        </test-method> <!-- verifyTagLine -->
        <test-method is-config="true" signature="exit()[pri:0, instance:TestCases.LoginPageTesting@7526515b]" started-at="2023-05-22T16:09:30 IST" name="exit" finished-at="2023-05-22T16:09:31 IST" duration-ms="306" status="PASS">
          <reporter-output>
          </reporter-output>
        </test-method> <!-- exit -->
        <test-method is-config="true" signature="setup()[pri:0, instance:TestCases.LoginPageTesting@7526515b]" started-at="2023-05-22T16:09:31 IST" name="setup" finished-at="2023-05-22T16:09:33 IST" duration-ms="2731" status="PASS">
          <reporter-output>
          </reporter-output>
        </test-method> <!-- setup -->
        <test-method signature="verifyTitleTest()[pri:0, instance:TestCases.LoginPageTesting@7526515b]" started-at="2023-05-22T16:09:33 IST" name="verifyTitleTest" finished-at="2023-05-22T16:09:33 IST" duration-ms="19" status="PASS">
          <reporter-output>
          </reporter-output>
        </test-method> <!-- verifyTitleTest -->
        <test-method is-config="true" signature="exit()[pri:0, instance:TestCases.LoginPageTesting@7526515b]" started-at="2023-05-22T16:09:33 IST" name="exit" finished-at="2023-05-22T16:09:34 IST" duration-ms="267" status="PASS">
          <reporter-output>
          </reporter-output>
        </test-method> <!-- exit -->
      </class> <!-- TestCases.LoginPageTesting -->
    </test> <!-- Default test -->
  </suite> <!-- Default suite -->
</testng-results>
