<?xml version="1.0" encoding="UTF-8"?>
<testng-results ignored="0" total="6" passed="6" failed="0" skipped="0">
  <reporter-output>
  </reporter-output>
  <suite started-at="2023-05-22T10:35:58 IST" name="Default suite" finished-at="2023-05-22T10:36:29 IST" duration-ms="31039">
    <groups>
    </groups>
    <test started-at="2023-05-22T10:35:58 IST" name="Default test" finished-at="2023-05-22T10:36:29 IST" duration-ms="31039">
      <class name="TestCases.LoginPageTesting">
        <test-method is-config="true" signature="setup()[pri:0, instance:TestCases.LoginPageTesting@8dfe921]" started-at="2023-05-22T10:35:58 IST" name="setup" finished-at="2023-05-22T10:36:04 IST" duration-ms="5711" status="PASS">
          <reporter-output>
          </reporter-output>
        </test-method> <!-- setup -->
        <test-method signature="PrintUser()[pri:0, instance:TestCases.LoginPageTesting@8dfe921]" started-at="2023-05-22T10:36:04 IST" name="PrintUser" finished-at="2023-05-22T10:36:04 IST" duration-ms="12" status="PASS">
          <reporter-output>
          </reporter-output>
        </test-method> <!-- PrintUser -->
        <test-method is-config="true" signature="exit()[pri:0, instance:TestCases.LoginPageTesting@8dfe921]" started-at="2023-05-22T10:36:04 IST" name="exit" finished-at="2023-05-22T10:36:04 IST" duration-ms="382" status="PASS">
          <reporter-output>
          </reporter-output>
        </test-method> <!-- exit -->
        <test-method is-config="true" signature="setup()[pri:0, instance:TestCases.LoginPageTesting@8dfe921]" started-at="2023-05-22T10:36:04 IST" name="setup" finished-at="2023-05-22T10:36:07 IST" duration-ms="2214" status="PASS">
          <reporter-output>
          </reporter-output>
        </test-method> <!-- setup -->
        <test-method signature="loginToAppTest()[pri:0, instance:TestCases.LoginPageTesting@8dfe921]" started-at="2023-05-22T10:36:07 IST" name="loginToAppTest" finished-at="2023-05-22T10:36:15 IST" duration-ms="8199" status="PASS">
          <reporter-output>
          </reporter-output>
        </test-method> <!-- loginToAppTest -->
        <test-method is-config="true" signature="exit()[pri:0, instance:TestCases.LoginPageTesting@8dfe921]" started-at="2023-05-22T10:36:15 IST" name="exit" finished-at="2023-05-22T10:36:15 IST" duration-ms="384" status="PASS">
          <reporter-output>
          </reporter-output>
        </test-method> <!-- exit -->
        <test-method is-config="true" signature="setup()[pri:0, instance:TestCases.LoginPageTesting@8dfe921]" started-at="2023-05-22T10:36:15 IST" name="setup" finished-at="2023-05-22T10:36:18 IST" duration-ms="2407" status="PASS">
          <reporter-output>
          </reporter-output>
        </test-method> <!-- setup -->
        <test-method signature="readExcelFile1()[pri:0, instance:TestCases.LoginPageTesting@8dfe921]" started-at="2023-05-22T10:36:18 IST" name="readExcelFile1" finished-at="2023-05-22T10:36:19 IST" duration-ms="1390" status="PASS">
          <reporter-output>
          </reporter-output>
        </test-method> <!-- readExcelFile1 -->
        <test-method is-config="true" signature="exit()[pri:0, instance:TestCases.LoginPageTesting@8dfe921]" started-at="2023-05-22T10:36:19 IST" name="exit" finished-at="2023-05-22T10:36:19 IST" duration-ms="306" status="PASS">
          <reporter-output>
          </reporter-output>
        </test-method> <!-- exit -->
        <test-method is-config="true" signature="setup()[pri:0, instance:TestCases.LoginPageTesting@8dfe921]" started-at="2023-05-22T10:36:19 IST" name="setup" finished-at="2023-05-22T10:36:23 IST" duration-ms="4203" status="PASS">
          <reporter-output>
          </reporter-output>
        </test-method> <!-- setup -->
        <test-method signature="verifyFacebookLogoTest()[pri:0, instance:TestCases.LoginPageTesting@8dfe921]" started-at="2023-05-22T10:36:23 IST" name="verifyFacebookLogoTest" finished-at="2023-05-22T10:36:24 IST" duration-ms="72" status="PASS">
          <reporter-output>
          </reporter-output>
        </test-method> <!-- verifyFacebookLogoTest -->
        <test-method is-config="true" signature="exit()[pri:0, instance:TestCases.LoginPageTesting@8dfe921]" started-at="2023-05-22T10:36:24 IST" name="exit" finished-at="2023-05-22T10:36:24 IST" duration-ms="190" status="PASS">
          <reporter-output>
          </reporter-output>
        </test-method> <!-- exit -->
        <test-method is-config="true" signature="setup()[pri:0, instance:TestCases.LoginPageTesting@8dfe921]" started-at="2023-05-22T10:36:24 IST" name="setup" finished-at="2023-05-22T10:36:26 IST" duration-ms="2190" status="PASS">
          <reporter-output>
          </reporter-output>
        </test-method> <!-- setup -->
        <test-method signature="verifyTagLine()[pri:0, instance:TestCases.LoginPageTesting@8dfe921]" started-at="2023-05-22T10:36:26 IST" name="verifyTagLine" finished-at="2023-05-22T10:36:26 IST" duration-ms="55" status="PASS">
          <reporter-output>
          </reporter-output>
        </test-method> <!-- verifyTagLine -->
        <test-method is-config="true" signature="exit()[pri:0, instance:TestCases.LoginPageTesting@8dfe921]" started-at="2023-05-22T10:36:26 IST" name="exit" finished-at="2023-05-22T10:36:26 IST" duration-ms="212" status="PASS">
          <reporter-output>
          </reporter-output>
        </test-method> <!-- exit -->
        <test-method is-config="true" signature="setup()[pri:0, instance:TestCases.LoginPageTesting@8dfe921]" started-at="2023-05-22T10:36:26 IST" name="setup" finished-at="2023-05-22T10:36:29 IST" duration-ms="2796" status="PASS">
          <reporter-output>
          </reporter-output>
        </test-method> <!-- setup -->
        <test-method signature="verifyTitleTest()[pri:0, instance:TestCases.LoginPageTesting@8dfe921]" started-at="2023-05-22T10:36:29 IST" name="verifyTitleTest" finished-at="2023-05-22T10:36:29 IST" duration-ms="15" status="PASS">
          <reporter-output>
          </reporter-output>
        </test-method> <!-- verifyTitleTest -->
        <test-method is-config="true" signature="exit()[pri:0, instance:TestCases.LoginPageTesting@8dfe921]" started-at="2023-05-22T10:36:29 IST" name="exit" finished-at="2023-05-22T10:36:29 IST" duration-ms="185" status="PASS">
          <reporter-output>
          </reporter-output>
        </test-method> <!-- exit -->
      </class> <!-- TestCases.LoginPageTesting -->
    </test> <!-- Default test -->
  </suite> <!-- Default suite -->
</testng-results>
